::1 - - [06/Jun/2023:20:55:50 -0300] "GET /phpmyadmin/ HTTP/1.1" 200 8194
::1 - - [06/Jun/2023:20:55:50 -0300] "GET /phpmyadmin/themes/pmahomme/jquery/jquery-ui-1.9.2.custom.css HTTP/1.1" 200 32278
::1 - - [06/Jun/2023:20:55:50 -0300] "GET /phpmyadmin/themes/pmahomme/img/logo_right.png HTTP/1.1" 200 4548
::1 - - [06/Jun/2023:20:55:50 -0300] "GET /phpmyadmin/themes/dot.gif HTTP/1.1" 200 43
::1 - - [06/Jun/2023:20:55:50 -0300] "GET /phpmyadmin/phpmyadmin.css.php?server=1&token=8f62ca902409c19257d2c481100e606c&nocache=5058284089ltr HTTP/1.1" 200 88608
::1 - - [06/Jun/2023:20:55:51 -0300] "GET /phpmyadmin/themes/pmahomme/img/sprites.png HTTP/1.1" 200 61899
::1 - - [06/Jun/2023:20:55:54 -0300] "POST /phpmyadmin/index.php HTTP/1.1" 302 -
::1 - - [06/Jun/2023:20:55:54 -0300] "GET /phpmyadmin/index.php?token=8f62ca902409c19257d2c481100e606c HTTP/1.1" 200 46786
::1 - - [06/Jun/2023:20:55:54 -0300] "GET /phpmyadmin/themes/pmahomme/img/logo_left.png HTTP/1.1" 200 2327
::1 - - [06/Jun/2023:20:55:54 -0300] "GET /phpmyadmin/themes/pmahomme/img/ajax_clock_small.gif HTTP/1.1" 200 1810
::1 - - [06/Jun/2023:20:55:54 -0300] "GET /phpmyadmin/phpmyadmin.css.php?server=1&token=8f62ca902409c19257d2c481100e606c&nocache=6744381397ltr HTTP/1.1" 200 88608
::1 - - [06/Jun/2023:20:55:54 -0300] "GET /phpmyadmin/themes/pmahomme/img/left_nav_bg.png HTTP/1.1" 200 297
::1 - - [06/Jun/2023:20:55:54 -0300] "GET /phpmyadmin/version_check.php?&_nocache=1686095754637475545 HTTP/1.1" 200 39
::1 - - [06/Jun/2023:20:56:18 -0300] "GET /phpmyadmin/navigation.php?ajax_request=1&token=8f62ca902409c19257d2c481100e606c&aPath=cm9vdA%3D%3D.Y2FkYXN0cm9fZHNt&vPath=cm9vdA%3D%3D.Y2FkYXN0cm9fZHNt&pos=0&pos2_name=&pos2_value=&searchClause=&searchClause2=&_nocache=1686095778149675531 HTTP/1.1" 200 3848
::1 - - [06/Jun/2023:20:56:19 -0300] "GET /phpmyadmin/db_structure.php?server=1&db=cadastro_dsm&token=8f62ca902409c19257d2c481100e606c&ajax_request=true&ajax_page_request=true&menuHashes=3b73319e&_nocache=1686095779916599963 HTTP/1.1" 200 21848
::1 - - [06/Jun/2023:20:56:20 -0300] "GET /phpmyadmin/themes/pmahomme/img/arrow_ltr.png HTTP/1.1" 200 139
::1 - - [06/Jun/2023:20:56:25 -0300] "GET /phpmyadmin/themes/pmahomme/jquery/images/ui-bg_flat_75_ffffff_40x100.png HTTP/1.1" 200 178
::1 - - [06/Jun/2023:20:56:25 -0300] "GET /phpmyadmin/themes/pmahomme/jquery/images/ui-bg_highlight-soft_75_cccccc_1x100.png HTTP/1.1" 200 101
::1 - - [06/Jun/2023:20:56:25 -0300] "GET /phpmyadmin/themes/pmahomme/jquery/images/ui-icons_222222_256x240.png HTTP/1.1" 200 4369
::1 - - [06/Jun/2023:20:56:25 -0300] "GET /phpmyadmin/themes/pmahomme/jquery/images/ui-bg_glass_75_e6e6e6_1x400.png HTTP/1.1" 200 110
::1 - - [06/Jun/2023:20:56:25 -0300] "GET /phpmyadmin/themes/pmahomme/jquery/images/ui-bg_flat_0_aaaaaa_40x100.png HTTP/1.1" 200 180
::1 - - [06/Jun/2023:20:56:25 -0300] "GET /phpmyadmin/themes/pmahomme/jquery/images/ui-bg_glass_75_dadada_1x400.png HTTP/1.1" 200 159
::1 - - [06/Jun/2023:20:56:26 -0300] "GET /phpmyadmin/themes/pmahomme/jquery/images/ui-bg_glass_65_ffffff_1x400.png HTTP/1.1" 200 105
::1 - - [06/Jun/2023:20:56:26 -0300] "GET /phpmyadmin/sql.php?db=cadastro_dsm&token=8f62ca902409c19257d2c481100e606c&goto=db_structure.php&table=produtos&reload=1&purge=1&sql_query=DROP+TABLE+%60produtos%60&message_to_show=A+tabela+produtos+foi+eliminada&is_js_confirmed=1&ajax_request=true&_nocache=1686095786805478429 HTTP/1.1" 200 1813
::1 - - [06/Jun/2023:20:56:26 -0300] "POST /phpmyadmin/navigation.php?ajax_request=1&token=8f62ca902409c19257d2c481100e606c HTTP/1.1" 200 3808
::1 - - [06/Jun/2023:20:56:29 -0300] "GET /phpmyadmin/sql.php?db=cadastro_dsm&token=8f62ca902409c19257d2c481100e606c&goto=db_structure.php&table=tb_funcionarios&reload=1&purge=1&sql_query=DROP+TABLE+%60tb_funcionarios%60&message_to_show=A+tabela+tb_funcionarios+foi+eliminada&is_js_confirmed=1&ajax_request=true&_nocache=1686095789068314450 HTTP/1.1" 200 1869
::1 - - [06/Jun/2023:20:56:29 -0300] "POST /phpmyadmin/navigation.php?ajax_request=1&token=8f62ca902409c19257d2c481100e606c HTTP/1.1" 200 2969
::1 - - [06/Jun/2023:20:56:31 -0300] "GET /phpmyadmin/sql.php?db=cadastro_dsm&token=8f62ca902409c19257d2c481100e606c&goto=db_structure.php&table=tb_login&reload=1&purge=1&sql_query=DROP+TABLE+%60tb_login%60&message_to_show=A+tabela+tb_login+foi+eliminada&is_js_confirmed=1&ajax_request=true&_nocache=1686095791061522415 HTTP/1.1" 200 1813
::1 - - [06/Jun/2023:20:56:31 -0300] "POST /phpmyadmin/navigation.php?ajax_request=1&token=8f62ca902409c19257d2c481100e606c HTTP/1.1" 200 2167
::1 - - [06/Jun/2023:20:56:36 -0300] "GET /StarLanches/ HTTP/1.1" 200 1317
::1 - - [06/Jun/2023:20:56:37 -0300] "GET /StarLanches/style.css HTTP/1.1" 200 12346
::1 - - [06/Jun/2023:20:56:37 -0300] "GET /StarLanches/img/logo.png HTTP/1.1" 200 21046
::1 - - [06/Jun/2023:20:56:37 -0300] "GET /StarLanches/img/Cart.png HTTP/1.1" 200 306
::1 - - [06/Jun/2023:20:56:37 -0300] "GET /StarLanches/img/fundo.jpeg HTTP/1.1" 200 268272
::1 - - [06/Jun/2023:20:56:39 -0300] "GET /StarLanches/Login.php HTTP/1.1" 200 2024
::1 - - [06/Jun/2023:20:56:45 -0300] "POST /StarLanches/Login.php HTTP/1.1" 302 2024
::1 - - [06/Jun/2023:20:56:45 -0300] "GET /StarLanches/ HTTP/1.1" 200 1317
